{"name": "test_pwd", "status": "failed", "statusDetails": {"message": "AssertionError: assert False", "trace": "self = <scripts.test_allure.TestAction object at 0x000001642C6B05C0>\n\n    @allure.step(title='密码')\n    def test_pwd(self):\n        allure.attach('输入内容：666666', '输入密码')\n    \n        print('test_pwd')\n>       assert False\nE       assert False\n\nscripts\\test_allure.py:34: AssertionError"}, "steps": [{"name": "密码", "status": "failed", "statusDetails": {"message": "AssertionError: assert False\n", "trace": "  File \"f:\\python projects\\study_appium\\venv\\lib\\site-packages\\allure_commons\\_allure.py\", line 157, in impl\n    return func(*a, **kw)\n  File \"F:\\Python Projects\\study_appium\\scripts\\test_allure.py\", line 34, in test_pwd\n    assert False\n"}, "attachments": [{"name": "输入密码", "source": "c6ed7925-62f6-4d0d-91fb-135e056e4f06-attachment.attach"}], "start": 1591276598771, "stop": 1591276598772}], "start": 1591276598771, "stop": 1591276598776, "uuid": "927a81e4-b4ed-4b3e-a1bd-e7b48b1e8ccf", "historyId": "2682f6900b4fe48db51340df356b5102", "testCaseId": "a8c2ae3b33f06b8f6a24b02e0e627927", "fullName": "scripts.test_allure.TestAction#test_pwd", "labels": [{"name": "parentSuite", "value": "scripts"}, {"name": "suite", "value": "test_allure"}, {"name": "subSuite", "value": "TestAction"}, {"name": "host", "value": "DESKTOP-CNIU27R"}, {"name": "thread", "value": "20236-MainThread"}, {"name": "framework", "value": "pytest"}, {"name": "language", "value": "cpython3"}, {"name": "package", "value": "scripts.test_allure"}]}