{"name": "test_pwd", "status": "failed", "statusDetails": {"message": "AssertionError: assert False", "trace": "self = <scripts.test_allure.TestAction object at 0x000001A66B45A550>\n\n    @allure.step(title='密码')\n    def test_pwd(self):\n        allure.attach('输入内容：666666', '输入密码')\n    \n        print('test_pwd')\n>       assert False\nE       assert False\n\nscripts\\test_allure.py:26: AssertionError"}, "steps": [{"name": "密码", "status": "failed", "statusDetails": {"message": "AssertionError: assert False\n", "trace": "  File \"f:\\python projects\\study_appium\\venv\\lib\\site-packages\\allure_commons\\_allure.py\", line 157, in impl\n    return func(*a, **kw)\n  File \"F:\\Python Projects\\study_appium\\scripts\\test_allure.py\", line 26, in test_pwd\n    assert False\n"}, "attachments": [{"name": "输入密码", "source": "404a9537-3f9b-45ae-bff8-3a81dfa12b10-attachment.attach"}], "start": 1591266845990, "stop": 1591266845993}], "start": 1591266845990, "stop": 1591266845997, "uuid": "f961f9c9-58b0-44f0-adbb-6b6f6aee4663", "historyId": "2682f6900b4fe48db51340df356b5102", "testCaseId": "a8c2ae3b33f06b8f6a24b02e0e627927", "fullName": "scripts.test_allure.TestAction#test_pwd", "labels": [{"name": "parentSuite", "value": "scripts"}, {"name": "suite", "value": "test_allure"}, {"name": "subSuite", "value": "TestAction"}, {"name": "host", "value": "DESKTOP-CNIU27R"}, {"name": "thread", "value": "13536-MainThread"}, {"name": "framework", "value": "pytest"}, {"name": "language", "value": "cpython3"}, {"name": "package", "value": "scripts.test_allure"}]}