{
  "uid" : "3359a25f0ba77d09",
  "name" : "test_pwd",
  "fullName" : "scripts.test_allure.TestAction#test_pwd",
  "historyId" : "2682f6900b4fe48db51340df356b5102",
  "time" : {
    "start" : 1591266845990,
    "stop" : 1591266845997,
    "duration" : 7
  },
  "status" : "failed",
  "statusMessage" : "AssertionError: assert False",
  "statusTrace" : "self = <scripts.test_allure.TestAction object at 0x000001A66B45A550>\n\n    @allure.step(title='密码')\n    def test_pwd(self):\n        allure.attach('输入内容：666666', '输入密码')\n    \n        print('test_pwd')\n>       assert False\nE       assert False\n\nscripts\\test_allure.py:26: AssertionError",
  "flaky" : false,
  "newFailed" : false,
  "beforeStages" : [ ],
  "testStage" : {
    "status" : "failed",
    "statusMessage" : "AssertionError: assert False",
    "statusTrace" : "self = <scripts.test_allure.TestAction object at 0x000001A66B45A550>\n\n    @allure.step(title='密码')\n    def test_pwd(self):\n        allure.attach('输入内容：666666', '输入密码')\n    \n        print('test_pwd')\n>       assert False\nE       assert False\n\nscripts\\test_allure.py:26: AssertionError",
    "steps" : [ {
      "name" : "密码",
      "time" : {
        "start" : 1591266845990,
        "stop" : 1591266845993,
        "duration" : 3
      },
      "status" : "failed",
      "statusMessage" : "AssertionError: assert False\n",
      "statusTrace" : "  File \"f:\\python projects\\study_appium\\venv\\lib\\site-packages\\allure_commons\\_allure.py\", line 157, in impl\n    return func(*a, **kw)\n  File \"F:\\Python Projects\\study_appium\\scripts\\test_allure.py\", line 26, in test_pwd\n    assert False\n",
      "steps" : [ ],
      "attachments" : [ {
        "uid" : "eff48ed16ec793ba",
        "name" : "输入密码",
        "source" : "eff48ed16ec793ba.attach",
        "type" : "text/plain",
        "size" : 21
      } ],
      "parameters" : [ ],
      "shouldDisplayMessage" : true,
      "attachmentsCount" : 1,
      "hasContent" : true,
      "stepsCount" : 0
    } ],
    "attachments" : [ ],
    "parameters" : [ ],
    "shouldDisplayMessage" : true,
    "attachmentsCount" : 1,
    "hasContent" : true,
    "stepsCount" : 1
  },
  "afterStages" : [ ],
  "labels" : [ {
    "name" : "parentSuite",
    "value" : "scripts"
  }, {
    "name" : "suite",
    "value" : "test_allure"
  }, {
    "name" : "subSuite",
    "value" : "TestAction"
  }, {
    "name" : "host",
    "value" : "DESKTOP-CNIU27R"
  }, {
    "name" : "thread",
    "value" : "13536-MainThread"
  }, {
    "name" : "framework",
    "value" : "pytest"
  }, {
    "name" : "language",
    "value" : "cpython3"
  }, {
    "name" : "package",
    "value" : "scripts.test_allure"
  }, {
    "name" : "resultFormat",
    "value" : "allure2"
  } ],
  "parameters" : [ ],
  "links" : [ ],
  "hidden" : false,
  "retry" : false,
  "extra" : {
    "severity" : "normal",
    "retries" : [ ],
    "categories" : [ {
      "name" : "Product defects",
      "matchedStatuses" : [ ],
      "flaky" : false
    } ],
    "tags" : [ ]
  },
  "source" : "3359a25f0ba77d09.json",
  "parameterValues" : [ ]
}