{
  "uid" : "e6ae1720a4db6dc1",
  "name" : "test_pwd",
  "fullName" : "scripts.test_allure.TestAction#test_pwd",
  "historyId" : "2682f6900b4fe48db51340df356b5102",
  "time" : {
    "start" : 1591276598771,
    "stop" : 1591276598776,
    "duration" : 5
  },
  "status" : "failed",
  "statusMessage" : "AssertionError: assert False",
  "statusTrace" : "self = <scripts.test_allure.TestAction object at 0x000001642C6B05C0>\n\n    @allure.step(title='密码')\n    def test_pwd(self):\n        allure.attach('输入内容：666666', '输入密码')\n    \n        print('test_pwd')\n>       assert False\nE       assert False\n\nscripts\\test_allure.py:34: AssertionError",
  "flaky" : false,
  "newFailed" : false,
  "beforeStages" : [ {
    "name" : "_Class__pytest_setup_class",
    "time" : {
      "start" : 1591276579918,
      "stop" : 1591276598770,
      "duration" : 18852
    },
    "status" : "passed",
    "steps" : [ ],
    "attachments" : [ ],
    "parameters" : [ ],
    "shouldDisplayMessage" : false,
    "attachmentsCount" : 0,
    "stepsCount" : 0,
    "hasContent" : false
  } ],
  "testStage" : {
    "status" : "failed",
    "statusMessage" : "AssertionError: assert False",
    "statusTrace" : "self = <scripts.test_allure.TestAction object at 0x000001642C6B05C0>\n\n    @allure.step(title='密码')\n    def test_pwd(self):\n        allure.attach('输入内容：666666', '输入密码')\n    \n        print('test_pwd')\n>       assert False\nE       assert False\n\nscripts\\test_allure.py:34: AssertionError",
    "steps" : [ {
      "name" : "密码",
      "time" : {
        "start" : 1591276598771,
        "stop" : 1591276598772,
        "duration" : 1
      },
      "status" : "failed",
      "statusMessage" : "AssertionError: assert False\n",
      "statusTrace" : "  File \"f:\\python projects\\study_appium\\venv\\lib\\site-packages\\allure_commons\\_allure.py\", line 157, in impl\n    return func(*a, **kw)\n  File \"F:\\Python Projects\\study_appium\\scripts\\test_allure.py\", line 34, in test_pwd\n    assert False\n",
      "steps" : [ ],
      "attachments" : [ {
        "uid" : "c4d25d6b2e05b4ce",
        "name" : "输入密码",
        "source" : "c4d25d6b2e05b4ce.attach",
        "type" : "text/plain",
        "size" : 21
      } ],
      "parameters" : [ ],
      "shouldDisplayMessage" : true,
      "attachmentsCount" : 1,
      "stepsCount" : 0,
      "hasContent" : true
    } ],
    "attachments" : [ ],
    "parameters" : [ ],
    "shouldDisplayMessage" : true,
    "attachmentsCount" : 1,
    "stepsCount" : 1,
    "hasContent" : true
  },
  "afterStages" : [ {
    "name" : "_Class__pytest_setup_class::0",
    "time" : {
      "start" : 1591276604732,
      "stop" : 1591276606717,
      "duration" : 1985
    },
    "status" : "passed",
    "steps" : [ ],
    "attachments" : [ ],
    "parameters" : [ ],
    "shouldDisplayMessage" : false,
    "attachmentsCount" : 0,
    "stepsCount" : 0,
    "hasContent" : false
  } ],
  "labels" : [ {
    "name" : "parentSuite",
    "value" : "scripts"
  }, {
    "name" : "suite",
    "value" : "test_allure"
  }, {
    "name" : "subSuite",
    "value" : "TestAction"
  }, {
    "name" : "host",
    "value" : "DESKTOP-CNIU27R"
  }, {
    "name" : "thread",
    "value" : "20236-MainThread"
  }, {
    "name" : "framework",
    "value" : "pytest"
  }, {
    "name" : "language",
    "value" : "cpython3"
  }, {
    "name" : "package",
    "value" : "scripts.test_allure"
  }, {
    "name" : "resultFormat",
    "value" : "allure2"
  } ],
  "parameters" : [ ],
  "links" : [ ],
  "hidden" : false,
  "retry" : false,
  "extra" : {
    "severity" : "normal",
    "retries" : [ ],
    "categories" : [ {
      "name" : "Product defects",
      "matchedStatuses" : [ ],
      "flaky" : false
    } ],
    "tags" : [ ]
  },
  "source" : "e6ae1720a4db6dc1.json",
  "parameterValues" : [ ]
}